C:\USERS\JUE\DOCUMENTS\VISUAL STUDIO 2012\PROJECTS\GAME_TICTACTOC\GAME_TICTACTOC\DEBUG\MAIN.OBJ
C:\USERS\JUE\DOCUMENTS\VISUAL STUDIO 2012\PROJECTS\GAME_TICTACTOC\GAME_TICTACTOC\DEBUG\MAP_GUI.OBJ
C:\USERS\JUE\DOCUMENTS\VISUAL STUDIO 2012\PROJECTS\GAME_TICTACTOC\GAME_TICTACTOC\DEBUG\VC110.PDB
c:\Users\Jue\documents\visual studio 2012\Projects\Game_TicTacToc\Game_TicTacToc\Debug\main.obj
c:\Users\Jue\documents\visual studio 2012\Projects\Game_TicTacToc\Game_TicTacToc\Debug\map_gui.obj
c:\Users\Jue\documents\visual studio 2012\Projects\Game_TicTacToc\Game_TicTacToc\Debug\cl.command.1.tlog
c:\Users\Jue\documents\visual studio 2012\Projects\Game_TicTacToc\Game_TicTacToc\Debug\CL.read.1.tlog
c:\Users\Jue\documents\visual studio 2012\Projects\Game_TicTacToc\Game_TicTacToc\Debug\CL.write.1.tlog
c:\Users\Jue\documents\visual studio 2012\Projects\Game_TicTacToc\Game_TicTacToc\Debug\link-cvtres.read.1.tlog
c:\Users\Jue\documents\visual studio 2012\Projects\Game_TicTacToc\Game_TicTacToc\Debug\link-cvtres.write.1.tlog
c:\Users\Jue\documents\visual studio 2012\Projects\Game_TicTacToc\Game_TicTacToc\Debug\link-rc.read.1.tlog
c:\Users\Jue\documents\visual studio 2012\Projects\Game_TicTacToc\Game_TicTacToc\Debug\link-rc.write.1.tlog
c:\Users\Jue\documents\visual studio 2012\Projects\Game_TicTacToc\Game_TicTacToc\Debug\link.10740-cvtres.read.1.tlog
c:\Users\Jue\documents\visual studio 2012\Projects\Game_TicTacToc\Game_TicTacToc\Debug\link.10740-cvtres.write.1.tlog
c:\Users\Jue\documents\visual studio 2012\Projects\Game_TicTacToc\Game_TicTacToc\Debug\link.10740-rc.read.1.tlog
c:\Users\Jue\documents\visual studio 2012\Projects\Game_TicTacToc\Game_TicTacToc\Debug\link.10740-rc.write.1.tlog
c:\Users\Jue\documents\visual studio 2012\Projects\Game_TicTacToc\Game_TicTacToc\Debug\link.10740.read.1.tlog
c:\Users\Jue\documents\visual studio 2012\Projects\Game_TicTacToc\Game_TicTacToc\Debug\link.10740.write.1.tlog
c:\Users\Jue\documents\visual studio 2012\Projects\Game_TicTacToc\Game_TicTacToc\Debug\link.1500-cvtres.read.1.tlog
c:\Users\Jue\documents\visual studio 2012\Projects\Game_TicTacToc\Game_TicTacToc\Debug\link.1500-cvtres.write.1.tlog
c:\Users\Jue\documents\visual studio 2012\Projects\Game_TicTacToc\Game_TicTacToc\Debug\link.1500-rc.read.1.tlog
c:\Users\Jue\documents\visual studio 2012\Projects\Game_TicTacToc\Game_TicTacToc\Debug\link.1500-rc.write.1.tlog
c:\Users\Jue\documents\visual studio 2012\Projects\Game_TicTacToc\Game_TicTacToc\Debug\link.1500.read.1.tlog
c:\Users\Jue\documents\visual studio 2012\Projects\Game_TicTacToc\Game_TicTacToc\Debug\link.1500.write.1.tlog
c:\Users\Jue\documents\visual studio 2012\Projects\Game_TicTacToc\Game_TicTacToc\Debug\link.3264-cvtres.read.1.tlog
c:\Users\Jue\documents\visual studio 2012\Projects\Game_TicTacToc\Game_TicTacToc\Debug\link.3264-cvtres.write.1.tlog
c:\Users\Jue\documents\visual studio 2012\Projects\Game_TicTacToc\Game_TicTacToc\Debug\link.3264-rc.read.1.tlog
c:\Users\Jue\documents\visual studio 2012\Projects\Game_TicTacToc\Game_TicTacToc\Debug\link.3264-rc.write.1.tlog
c:\Users\Jue\documents\visual studio 2012\Projects\Game_TicTacToc\Game_TicTacToc\Debug\link.3264.read.1.tlog
c:\Users\Jue\documents\visual studio 2012\Projects\Game_TicTacToc\Game_TicTacToc\Debug\link.3264.write.1.tlog
c:\Users\Jue\documents\visual studio 2012\Projects\Game_TicTacToc\Game_TicTacToc\Debug\link.6524-cvtres.read.1.tlog
c:\Users\Jue\documents\visual studio 2012\Projects\Game_TicTacToc\Game_TicTacToc\Debug\link.6524-cvtres.write.1.tlog
c:\Users\Jue\documents\visual studio 2012\Projects\Game_TicTacToc\Game_TicTacToc\Debug\link.6524-rc.read.1.tlog
c:\Users\Jue\documents\visual studio 2012\Projects\Game_TicTacToc\Game_TicTacToc\Debug\link.6524-rc.write.1.tlog
c:\Users\Jue\documents\visual studio 2012\Projects\Game_TicTacToc\Game_TicTacToc\Debug\link.6524.read.1.tlog
c:\Users\Jue\documents\visual studio 2012\Projects\Game_TicTacToc\Game_TicTacToc\Debug\link.6524.write.1.tlog
c:\Users\Jue\documents\visual studio 2012\Projects\Game_TicTacToc\Game_TicTacToc\Debug\link.6580-cvtres.read.1.tlog
c:\Users\Jue\documents\visual studio 2012\Projects\Game_TicTacToc\Game_TicTacToc\Debug\link.6580-cvtres.write.1.tlog
c:\Users\Jue\documents\visual studio 2012\Projects\Game_TicTacToc\Game_TicTacToc\Debug\link.6580-rc.read.1.tlog
c:\Users\Jue\documents\visual studio 2012\Projects\Game_TicTacToc\Game_TicTacToc\Debug\link.6580-rc.write.1.tlog
c:\Users\Jue\documents\visual studio 2012\Projects\Game_TicTacToc\Game_TicTacToc\Debug\link.6580.read.1.tlog
c:\Users\Jue\documents\visual studio 2012\Projects\Game_TicTacToc\Game_TicTacToc\Debug\link.6580.write.1.tlog
c:\Users\Jue\documents\visual studio 2012\Projects\Game_TicTacToc\Game_TicTacToc\Debug\link.7772-cvtres.read.1.tlog
c:\Users\Jue\documents\visual studio 2012\Projects\Game_TicTacToc\Game_TicTacToc\Debug\link.7772-cvtres.write.1.tlog
c:\Users\Jue\documents\visual studio 2012\Projects\Game_TicTacToc\Game_TicTacToc\Debug\link.7772-rc.read.1.tlog
c:\Users\Jue\documents\visual studio 2012\Projects\Game_TicTacToc\Game_TicTacToc\Debug\link.7772-rc.write.1.tlog
c:\Users\Jue\documents\visual studio 2012\Projects\Game_TicTacToc\Game_TicTacToc\Debug\link.7772.read.1.tlog
c:\Users\Jue\documents\visual studio 2012\Projects\Game_TicTacToc\Game_TicTacToc\Debug\link.7772.write.1.tlog
c:\Users\Jue\documents\visual studio 2012\Projects\Game_TicTacToc\Game_TicTacToc\Debug\link.7976-cvtres.read.1.tlog
c:\Users\Jue\documents\visual studio 2012\Projects\Game_TicTacToc\Game_TicTacToc\Debug\link.7976-cvtres.write.1.tlog
c:\Users\Jue\documents\visual studio 2012\Projects\Game_TicTacToc\Game_TicTacToc\Debug\link.7976-rc.read.1.tlog
c:\Users\Jue\documents\visual studio 2012\Projects\Game_TicTacToc\Game_TicTacToc\Debug\link.7976-rc.write.1.tlog
c:\Users\Jue\documents\visual studio 2012\Projects\Game_TicTacToc\Game_TicTacToc\Debug\link.7976.read.1.tlog
c:\Users\Jue\documents\visual studio 2012\Projects\Game_TicTacToc\Game_TicTacToc\Debug\link.7976.write.1.tlog
c:\Users\Jue\documents\visual studio 2012\Projects\Game_TicTacToc\Game_TicTacToc\Debug\link.9388-cvtres.read.1.tlog
c:\Users\Jue\documents\visual studio 2012\Projects\Game_TicTacToc\Game_TicTacToc\Debug\link.9388-cvtres.write.1.tlog
c:\Users\Jue\documents\visual studio 2012\Projects\Game_TicTacToc\Game_TicTacToc\Debug\link.9388-rc.read.1.tlog
c:\Users\Jue\documents\visual studio 2012\Projects\Game_TicTacToc\Game_TicTacToc\Debug\link.9388-rc.write.1.tlog
c:\Users\Jue\documents\visual studio 2012\Projects\Game_TicTacToc\Game_TicTacToc\Debug\link.9388.read.1.tlog
c:\Users\Jue\documents\visual studio 2012\Projects\Game_TicTacToc\Game_TicTacToc\Debug\link.9388.write.1.tlog
c:\Users\Jue\documents\visual studio 2012\Projects\Game_TicTacToc\Game_TicTacToc\Debug\link.command.1.tlog
c:\Users\Jue\documents\visual studio 2012\Projects\Game_TicTacToc\Game_TicTacToc\Debug\link.read.1.tlog
c:\Users\Jue\documents\visual studio 2012\Projects\Game_TicTacToc\Game_TicTacToc\Debug\link.write.1.tlog
c:\Users\Jue\documents\visual studio 2012\Projects\Game_TicTacToc\Game_TicTacToc\Debug\vc110.idb
c:\Users\Jue\documents\visual studio 2012\Projects\Game_TicTacToc\Game_TicTacToc\Debug\vc110.pdb
c:\users\jue\documents\visual studio 2012\Projects\Game_TicTacToc\Debug\Game_TicTacToe.pdb
